Using launch settings from C:\Users\Daniel\source\repos\ai\projects\Heimatplatz\src\api\src\Heimatplatz.Api\Properties\launchSettings.json...
Building...
warn: Microsoft.EntityFrameworkCore.Model[10632]
      No instantiatable types implementing `IEntityTypeConfiguration` were found while scanning assembly 'Heimatplatz.Api, Version=1.0.0.0, Culture=neutral, PublicKeyToken=null'.
warn: Microsoft.EntityFrameworkCore.Model[10632]
      No instantiatable types implementing `IEntityTypeConfiguration` were found while scanning assembly 'Heimatplatz.ServiceDefaults, Version=1.0.0.0, Culture=neutral, PublicKeyToken=null'.
warn: Microsoft.EntityFrameworkCore.Model[10632]
      No instantiatable types implementing `IEntityTypeConfiguration` were found while scanning assembly 'Heimatplatz.Api.Core.Startup, Version=1.0.0.0, Culture=neutral, PublicKeyToken=null'.
warn: Microsoft.EntityFrameworkCore.Model[10632]
      No instantiatable types implementing `IEntityTypeConfiguration` were found while scanning assembly 'Heimatplatz.Api.Core.Data, Version=1.0.0.0, Culture=neutral, PublicKeyToken=null'.
warn: Microsoft.EntityFrameworkCore.Model[10632]
      No instantiatable types implementing `IEntityTypeConfiguration` were found while scanning assembly 'Heimatplatz.Api.Core.Data.Seeding, Version=1.0.0.0, Culture=neutral, PublicKeyToken=null'.
warn: Microsoft.EntityFrameworkCore.Model[10632]
      No instantiatable types implementing `IEntityTypeConfiguration` were found while scanning assembly 'Heimatplatz.Api.Features.Auth.Contracts, Version=1.0.0.0, Culture=neutral, PublicKeyToken=null'.
warn: Microsoft.EntityFrameworkCore.Model[10632]
      No instantiatable types implementing `IEntityTypeConfiguration` were found while scanning assembly 'Heimatplatz.Api.Features.Properties.Contracts, Version=1.0.0.0, Culture=neutral, PublicKeyToken=null'.
warn: Microsoft.EntityFrameworkCore.Model[10632]
      No instantiatable types implementing `IEntityTypeConfiguration` were found while scanning assembly 'Heimatplatz.Api.Features.ForeclosureAuctions.Contracts, Version=1.0.0.0, Culture=neutral, PublicKeyToken=null'.
warn: Microsoft.EntityFrameworkCore.Model.Validation[10620]
      The property 'Property.Ausstattung' is a collection or enumeration type with a value converter but with no value comparer. Set a value comparer to ensure the collection/enumeration elements are compared correctly.
warn: Microsoft.EntityFrameworkCore.Model.Validation[10620]
      The property 'Property.BildUrls' is a collection or enumeration type with a value converter but with no value comparer. Set a value comparer to ensure the collection/enumeration elements are compared correctly.
info: Microsoft.EntityFrameworkCore.Database.Command[20101]
      Executed DbCommand (7ms) [Parameters=[], CommandType='Text', CommandTimeout='30']
      SELECT COUNT(*) FROM "sqlite_master" WHERE "type" = 'table' AND "rootpage" IS NOT NULL;
info: Heimatplatz.Api.Core.Data.Seeding.SeederRunner[0]
      Running 3 seeders
info: Heimatplatz.Api.Core.Data.Seeding.SeederRunner[0]
      Running seeder: UserSeeder
info: Microsoft.EntityFrameworkCore.Database.Command[20101]
      Executed DbCommand (1ms) [Parameters=[], CommandType='Text', CommandTimeout='30']
      SELECT EXISTS (
          SELECT 1
          FROM "Users" AS "u")
info: Heimatplatz.Api.Core.Data.Seeding.SeederRunner[0]
      Seeder UserSeeder completed
info: Heimatplatz.Api.Core.Data.Seeding.SeederRunner[0]
      Running seeder: PropertySeeder
info: Microsoft.EntityFrameworkCore.Database.Command[20101]
      Executed DbCommand (0ms) [Parameters=[], CommandType='Text', CommandTimeout='30']
      SELECT EXISTS (
          SELECT 1
          FROM "Properties" AS "p")
info: Heimatplatz.Api.Core.Data.Seeding.SeederRunner[0]
      Seeder PropertySeeder completed
info: Heimatplatz.Api.Core.Data.Seeding.SeederRunner[0]
      Running seeder: ForeclosureAuctionSeeder
info: Microsoft.EntityFrameworkCore.Database.Command[20101]
      Executed DbCommand (0ms) [Parameters=[], CommandType='Text', CommandTimeout='30']
      SELECT EXISTS (
          SELECT 1
          FROM "ForeclosureAuctions" AS "f")
info: Heimatplatz.Api.Core.Data.Seeding.SeederRunner[0]
      Seeder ForeclosureAuctionSeeder completed
info: Heimatplatz.Api.Core.Data.Seeding.SeederRunner[0]
      All seeders completed
info: Microsoft.Hosting.Lifetime[14]
      Now listening on: http://localhost:5292
info: Microsoft.Hosting.Lifetime[0]
      Application started. Press Ctrl+C to shut down.
info: Microsoft.Hosting.Lifetime[0]
      Hosting environment: Development
info: Microsoft.Hosting.Lifetime[0]
      Content root path: C:\Users\Daniel\source\repos\ai\projects\Heimatplatz\src\api\src\Heimatplatz.Api
warn: Microsoft.AspNetCore.HttpsPolicy.HttpsRedirectionMiddleware[3]
      Failed to determine the https port for redirect.
info: Microsoft.EntityFrameworkCore.Database.Command[20101]
      Executed DbCommand (0ms) [Parameters=[], CommandType='Text', CommandTimeout='30']
      SELECT COUNT(*)
      FROM "Properties" AS "p"
info: Microsoft.EntityFrameworkCore.Database.Command[20101]
      Executed DbCommand (0ms) [Parameters=[], CommandType='Text', CommandTimeout='30']
      SELECT "p"."Id", "p"."Adresse", "p"."AnbieterName", "p"."AnbieterTyp", "p"."Ausstattung", "p"."Baujahr", "p"."Beschreibung", "p"."BildUrls", "p"."CreatedAt", "p"."GrundstuecksflaecheM2", "p"."Ort", "p"."Plz", "p"."Preis", "p"."Titel", "p"."Typ", "p"."UpdatedAt", "p"."UserId", "p"."WohnflaecheM2", "p"."Zimmer"
      FROM "Properties" AS "p"
info: Microsoft.EntityFrameworkCore.Database.Command[20101]
      Executed DbCommand (0ms) [Parameters=[], CommandType='Text', CommandTimeout='30']
      SELECT COUNT(*)
      FROM "Properties" AS "p"
info: Microsoft.EntityFrameworkCore.Database.Command[20101]
      Executed DbCommand (0ms) [Parameters=[], CommandType='Text', CommandTimeout='30']
      SELECT "p"."Id", "p"."Adresse", "p"."AnbieterName", "p"."AnbieterTyp", "p"."Ausstattung", "p"."Baujahr", "p"."Beschreibung", "p"."BildUrls", "p"."CreatedAt", "p"."GrundstuecksflaecheM2", "p"."Ort", "p"."Plz", "p"."Preis", "p"."Titel", "p"."Typ", "p"."UpdatedAt", "p"."UserId", "p"."WohnflaecheM2", "p"."Zimmer"
      FROM "Properties" AS "p"
fail: Microsoft.AspNetCore.Diagnostics.DeveloperExceptionPageMiddleware[1]
      An unhandled exception has occurred while executing the request.
      System.UnauthorizedAccessException: Benutzer-ID nicht im Token gefunden
         at Heimatplatz.Api.Features.Properties.Handlers.CreatePropertyHandler.Handle(CreatePropertyRequest request, IMediatorContext context, CancellationToken cancellationToken) in C:\Users\Daniel\source\repos\ai\projects\Heimatplatz\src\api\src\Features\Properties\Heimatplatz.Api.Features.Properties\Handlers\CreatePropertyHandler.cs:line 30
         at Shiny.Mediator.Infrastructure.Impl.RequestResultWrapper`2.Handle()
         at Shiny.Mediator.Infrastructure.Impl.LocalRequestExecutor.Request[TResult](IMediatorContext context, IRequest`1 request, CancellationToken cancellationToken)
         at Shiny.Mediator.Infrastructure.Impl.MediatorImpl.Request[TResult](IRequest`1 request, CancellationToken cancellationToken, Action`1 configure)
         at Shiny.Mediator.Infrastructure.Impl.MediatorImpl.Request[TResult](IRequest`1 request, CancellationToken cancellationToken, Action`1 configure)
         at Shiny.Mediator.EndpointRouteBuilderExtensions.<>c__2`2.<<MapMediatorPost>b__2_0>d.MoveNext()
      --- End of stack trace from previous location ---
         at Microsoft.AspNetCore.Http.RequestDelegateFactory.ExecuteTaskResult[T](Task`1 task, HttpContext httpContext)
         at Microsoft.AspNetCore.Http.RequestDelegateFactory.<>c__DisplayClass102_2.<<HandleRequestBodyAndCompileRequestDelegateForJson>b__2>d.MoveNext()
      --- End of stack trace from previous location ---
         at Microsoft.AspNetCore.Authorization.AuthorizationMiddleware.Invoke(HttpContext context)
         at Microsoft.AspNetCore.Authentication.AuthenticationMiddleware.Invoke(HttpContext context)
         at Microsoft.AspNetCore.Diagnostics.DeveloperExceptionPageMiddlewareImpl.Invoke(HttpContext context)
info: Microsoft.EntityFrameworkCore.Database.Command[20101]
      Executed DbCommand (1ms) [Parameters=[], CommandType='Text', CommandTimeout='30']
      SELECT COUNT(*)
      FROM "Properties" AS "p"
info: Microsoft.EntityFrameworkCore.Database.Command[20101]
      Executed DbCommand (0ms) [Parameters=[], CommandType='Text', CommandTimeout='30']
      SELECT "p"."Id", "p"."Adresse", "p"."AnbieterName", "p"."AnbieterTyp", "p"."Ausstattung", "p"."Baujahr", "p"."Beschreibung", "p"."BildUrls", "p"."CreatedAt", "p"."GrundstuecksflaecheM2", "p"."Ort", "p"."Plz", "p"."Preis", "p"."Titel", "p"."Typ", "p"."UpdatedAt", "p"."UserId", "p"."WohnflaecheM2", "p"."Zimmer"
      FROM "Properties" AS "p"
